Using pre-set license
Built from '2020.3/release' branch; Version is '2020.3.31f1 (6b54b7616050) revision 7034039'; Using compiler version '192528614'; Build Type 'Release'
OS: 'Windows 10  (10.0.19044) 64bit Professional' Language: 'pl' Physical Memory: 16333 MB
BatchMode: 1, IsHumanControllingUs: 0, StartBugReporterOnCrash: 0, Is64bit: 1, IsPro: 0

COMMAND LINE ARGUMENTS:
C:\Program Files\Unity\Hub\Editor\2020.3.31f1\Editor\Unity.exe
-adb2
-batchMode
-noUpm
-name
AssetImportWorker0
-projectPath
D:/Programowanie/Unity/CG Project
-logFile
Logs/AssetImportWorker0.log
-srvPort
65271
Successfully changed project path to: D:/Programowanie/Unity/CG Project
D:/Programowanie/Unity/CG Project
Using Asset Import Pipeline V2.
Refreshing native plugins compatible for Editor in 70.43 ms, found 2 plugins.
Preloading 0 native plugins for Editor in 0.00 ms.
Initialize engine version: 2020.3.31f1 (6b54b7616050)
[Subsystems] Discovering subsystems at path C:/Program Files/Unity/Hub/Editor/2020.3.31f1/Editor/Data/Resources/UnitySubsystems
[Subsystems] Discovering subsystems at path D:/Programowanie/Unity/CG Project/Assets
GfxDevice: creating device client; threaded=0
Direct3D:
    Version:  Direct3D 11.0 [level 11.1]
    Renderer: NVIDIA GeForce GTX 1660 (ID=0x2184)
    Vendor:   
    VRAM:     5991 MB
    Driver:   30.0.14.9676
Initialize mono
Mono path[0] = 'C:/Program Files/Unity/Hub/Editor/2020.3.31f1/Editor/Data/Managed'
Mono path[1] = 'C:/Program Files/Unity/Hub/Editor/2020.3.31f1/Editor/Data/MonoBleedingEdge/lib/mono/unityjit'
Mono config path = 'C:/Program Files/Unity/Hub/Editor/2020.3.31f1/Editor/Data/MonoBleedingEdge/etc'
Using monoOptions --debugger-agent=transport=dt_socket,embedding=1,server=y,suspend=n,address=127.0.0.1:56380
Begin MonoManager ReloadAssembly
Registering precompiled unity dll's ...
Register platform support module: C:/Program Files/Unity/Hub/Editor/2020.3.31f1/Editor/Data/PlaybackEngines/WebGLSupport/UnityEditor.WebGL.Extensions.dll
Register platform support module: C:/Program Files/Unity/Hub/Editor/2020.3.31f1/Editor/Data/PlaybackEngines/WindowsStandaloneSupport/UnityEditor.WindowsStandalone.Extensions.dll
Registered in 0.002464 seconds.
Native extension for WindowsStandalone target not found
Native extension for WebGL target not found
Refreshing native plugins compatible for Editor in 90.12 ms, found 2 plugins.
Preloading 0 native plugins for Editor in 0.00 ms.
Mono: successfully reloaded assembly
- Completed reload, in  0.712 seconds
Domain Reload Profiling:
	ReloadAssembly (712ms)
		BeginReloadAssembly (68ms)
			ExecutionOrderSort (0ms)
			DisableScriptedObjects (0ms)
			BackupInstance (0ms)
			ReleaseScriptingObjects (0ms)
			CreateAndSetChildDomain (1ms)
		EndReloadAssembly (555ms)
			LoadAssemblies (66ms)
			RebuildTransferFunctionScriptingTraits (0ms)
			SetupTypeCache (155ms)
			ReleaseScriptCaches (0ms)
			RebuildScriptCaches (41ms)
			SetupLoadedEditorAssemblies (240ms)
				LogAssemblyErrors (0ms)
				InitializePlatformSupportModulesInManaged (6ms)
				SetLoadedEditorAssemblies (0ms)
				RefreshPlugins (90ms)
				BeforeProcessingInitializeOnLoad (18ms)
				ProcessInitializeOnLoadAttributes (94ms)
				ProcessInitializeOnLoadMethodAttributes (31ms)
				AfterProcessingInitializeOnLoad (0ms)
				EditorAssembliesLoaded (0ms)
			ExecutionOrderSort2 (0ms)
			AwakeInstancesAfterBackupRestoration (0ms)
Platform modules already initialized, skipping
Registering precompiled user dll's ...
Registered in 0.002934 seconds.
Begin MonoManager ReloadAssembly
Native extension for WindowsStandalone target not found
Native extension for WebGL target not found
Refreshing native plugins compatible for Editor in 78.29 ms, found 2 plugins.
Preloading 0 native plugins for Editor in 0.00 ms.
Mono: successfully reloaded assembly
- Completed reload, in  1.439 seconds
Domain Reload Profiling:
	ReloadAssembly (1440ms)
		BeginReloadAssembly (179ms)
			ExecutionOrderSort (0ms)
			DisableScriptedObjects (6ms)
			BackupInstance (0ms)
			ReleaseScriptingObjects (0ms)
			CreateAndSetChildDomain (21ms)
		EndReloadAssembly (1189ms)
			LoadAssemblies (103ms)
			RebuildTransferFunctionScriptingTraits (0ms)
			SetupTypeCache (360ms)
			ReleaseScriptCaches (1ms)
			RebuildScriptCaches (80ms)
			SetupLoadedEditorAssemblies (506ms)
				LogAssemblyErrors (0ms)
				InitializePlatformSupportModulesInManaged (5ms)
				SetLoadedEditorAssemblies (0ms)
				RefreshPlugins (78ms)
				BeforeProcessingInitializeOnLoad (103ms)
				ProcessInitializeOnLoadAttributes (302ms)
				ProcessInitializeOnLoadMethodAttributes (11ms)
				AfterProcessingInitializeOnLoad (7ms)
				EditorAssembliesLoaded (0ms)
			ExecutionOrderSort2 (0ms)
			AwakeInstancesAfterBackupRestoration (7ms)
Platform modules already initialized, skipping
========================================================================
Worker process is ready to serve import requests
Launched and connected shader compiler UnityShaderCompiler.exe after 0.05 seconds
Refreshing native plugins compatible for Editor in 0.63 ms, found 2 plugins.
Preloading 0 native plugins for Editor in 0.00 ms.
Unloading 3342 Unused Serialized files (Serialized files now loaded: 0)
System memory in use before: 160.8 MB.
System memory in use after: 160.6 MB.

Unloading 31 unused Assets to reduce memory usage. Loaded Objects now: 3789.
Total: 3.897900 ms (FindLiveObjects: 0.275700 ms CreateObjectMapping: 0.099200 ms MarkObjects: 3.278500 ms  DeleteObjects: 0.243500 ms)

AssetImportParameters requested are different than current active one (requested -> active):
  custom:framework-win-MediaFoundation: 216162199b28c13a410421893ffa2e32 -> 
  custom:video-decoder-ogg-theora: a1e56fd34408186e4bbccfd4996cb3dc -> 
  custom:container-muxer-webm: aa71ff27fc2769a1b78a27578f13a17b -> 
  custom:container-demuxer-webm: 4f35f7cbe854078d1ac9338744f61a02 -> 
  custom:container-demuxer-ogg: 62fdf1f143b41e24485cea50d1cbac27 -> 
  custom:video-encoder-webm-vp8: eb34c28f22e8b96e1ab97ce403110664 -> 
  custom:video-decoder-webm-vp8: 9c59270c3fd7afecdb556c50c9e8de78 -> 
  custom:audio-decoder-ogg-vorbis: bf7c407c2cedff20999df2af8eb42d56 -> 
  custom:audio-encoder-webm-vorbis: bf7c407c2cedff20999df2af8eb42d56 -> 
========================================================================
Received Import Request.
  path: Assets/Scenes/Playground.unity
  artifactKey: Guid(707acc8dffb72b144bb1ffbe1c965f3d) Importer(815301076,1909f56bfc062723c751e8b465ee728b)
Start importing Assets/Scenes/Playground.unity using Guid(707acc8dffb72b144bb1ffbe1c965f3d) Importer(815301076,1909f56bfc062723c751e8b465ee728b)  -> (artifact id: '820eed5a97e2cd3332b4a2af4d1da3db') in 0.009466 seconds 
========================================================================
Received Prepare
Registering precompiled user dll's ...
Registered in 0.002767 seconds.
Begin MonoManager ReloadAssembly
Native extension for WindowsStandalone target not found
Native extension for WebGL target not found
Refreshing native plugins compatible for Editor in 0.79 ms, found 2 plugins.
Preloading 0 native plugins for Editor in 0.00 ms.
Mono: successfully reloaded assembly
- Completed reload, in  1.296 seconds
Domain Reload Profiling:
	ReloadAssembly (1297ms)
		BeginReloadAssembly (135ms)
			ExecutionOrderSort (0ms)
			DisableScriptedObjects (6ms)
			BackupInstance (0ms)
			ReleaseScriptingObjects (0ms)
			CreateAndSetChildDomain (37ms)
		EndReloadAssembly (1090ms)
			LoadAssemblies (106ms)
			RebuildTransferFunctionScriptingTraits (0ms)
			SetupTypeCache (339ms)
			ReleaseScriptCaches (1ms)
			RebuildScriptCaches (69ms)
			SetupLoadedEditorAssemblies (449ms)
				LogAssemblyErrors (0ms)
				InitializePlatformSupportModulesInManaged (6ms)
				SetLoadedEditorAssemblies (1ms)
				RefreshPlugins (1ms)
				BeforeProcessingInitializeOnLoad (104ms)
				ProcessInitializeOnLoadAttributes (318ms)
				ProcessInitializeOnLoadMethodAttributes (10ms)
				AfterProcessingInitializeOnLoad (9ms)
				EditorAssembliesLoaded (0ms)
			ExecutionOrderSort2 (0ms)
			AwakeInstancesAfterBackupRestoration (12ms)
Platform modules already initialized, skipping
Refreshing native plugins compatible for Editor in 0.65 ms, found 2 plugins.
Preloading 0 native plugins for Editor in 0.00 ms.
Unloading 3218 Unused Serialized files (Serialized files now loaded: 0)
System memory in use before: 152.3 MB.
System memory in use after: 152.2 MB.

Unloading 24 unused Assets to reduce memory usage. Loaded Objects now: 3792.
Total: 3.885700 ms (FindLiveObjects: 0.292200 ms CreateObjectMapping: 0.098800 ms MarkObjects: 3.286300 ms  DeleteObjects: 0.207400 ms)

AssetImportParameters requested are different than current active one (requested -> active):
  custom:framework-win-MediaFoundation: 216162199b28c13a410421893ffa2e32 -> 
  custom:video-decoder-ogg-theora: a1e56fd34408186e4bbccfd4996cb3dc -> 
  custom:container-muxer-webm: aa71ff27fc2769a1b78a27578f13a17b -> 
  custom:container-demuxer-webm: 4f35f7cbe854078d1ac9338744f61a02 -> 
  custom:container-demuxer-ogg: 62fdf1f143b41e24485cea50d1cbac27 -> 
  custom:video-encoder-webm-vp8: eb34c28f22e8b96e1ab97ce403110664 -> 
  custom:video-decoder-webm-vp8: 9c59270c3fd7afecdb556c50c9e8de78 -> 
  custom:audio-decoder-ogg-vorbis: bf7c407c2cedff20999df2af8eb42d56 -> 
  custom:audio-encoder-webm-vorbis: bf7c407c2cedff20999df2af8eb42d56 -> 
========================================================================
Received Prepare
Registering precompiled user dll's ...
Registered in 0.002805 seconds.
Begin MonoManager ReloadAssembly
Native extension for WindowsStandalone target not found
Native extension for WebGL target not found
Refreshing native plugins compatible for Editor in 0.64 ms, found 2 plugins.
Preloading 0 native plugins for Editor in 0.00 ms.
Mono: successfully reloaded assembly
- Completed reload, in  1.285 seconds
Domain Reload Profiling:
	ReloadAssembly (1286ms)
		BeginReloadAssembly (126ms)
			ExecutionOrderSort (0ms)
			DisableScriptedObjects (6ms)
			BackupInstance (0ms)
			ReleaseScriptingObjects (0ms)
			CreateAndSetChildDomain (37ms)
		EndReloadAssembly (1087ms)
			LoadAssemblies (104ms)
			RebuildTransferFunctionScriptingTraits (0ms)
			SetupTypeCache (339ms)
			ReleaseScriptCaches (1ms)
			RebuildScriptCaches (70ms)
			SetupLoadedEditorAssemblies (450ms)
				LogAssemblyErrors (0ms)
				InitializePlatformSupportModulesInManaged (6ms)
				SetLoadedEditorAssemblies (1ms)
				RefreshPlugins (1ms)
				BeforeProcessingInitializeOnLoad (106ms)
				ProcessInitializeOnLoadAttributes (317ms)
				ProcessInitializeOnLoadMethodAttributes (13ms)
				AfterProcessingInitializeOnLoad (7ms)
				EditorAssembliesLoaded (0ms)
			ExecutionOrderSort2 (0ms)
			AwakeInstancesAfterBackupRestoration (12ms)
Platform modules already initialized, skipping
Refreshing native plugins compatible for Editor in 0.67 ms, found 2 plugins.
Preloading 0 native plugins for Editor in 0.00 ms.
Unloading 3218 Unused Serialized files (Serialized files now loaded: 0)
System memory in use before: 152.4 MB.
System memory in use after: 152.3 MB.

Unloading 24 unused Assets to reduce memory usage. Loaded Objects now: 3795.
Total: 3.823600 ms (FindLiveObjects: 0.280200 ms CreateObjectMapping: 0.103600 ms MarkObjects: 3.223400 ms  DeleteObjects: 0.215300 ms)

AssetImportParameters requested are different than current active one (requested -> active):
  custom:framework-win-MediaFoundation: 216162199b28c13a410421893ffa2e32 -> 
  custom:video-decoder-ogg-theora: a1e56fd34408186e4bbccfd4996cb3dc -> 
  custom:container-muxer-webm: aa71ff27fc2769a1b78a27578f13a17b -> 
  custom:container-demuxer-webm: 4f35f7cbe854078d1ac9338744f61a02 -> 
  custom:container-demuxer-ogg: 62fdf1f143b41e24485cea50d1cbac27 -> 
  custom:video-encoder-webm-vp8: eb34c28f22e8b96e1ab97ce403110664 -> 
  custom:video-decoder-webm-vp8: 9c59270c3fd7afecdb556c50c9e8de78 -> 
  custom:audio-decoder-ogg-vorbis: bf7c407c2cedff20999df2af8eb42d56 -> 
  custom:audio-encoder-webm-vorbis: bf7c407c2cedff20999df2af8eb42d56 -> 
========================================================================
Received Import Request.
  Time since last request: 232.285185 seconds.
  path: Assets/Prefabs/Weapons/Effects/Shot Blue.prefab
  artifactKey: Guid(f76546772f65bb3469a32aca97760008) Importer(815301076,1909f56bfc062723c751e8b465ee728b)
Start importing Assets/Prefabs/Weapons/Effects/Shot Blue.prefab using Guid(f76546772f65bb3469a32aca97760008) Importer(815301076,1909f56bfc062723c751e8b465ee728b)  -> (artifact id: '98bf1e51929f18a38350fc2e0762c99a') in 0.079739 seconds 
========================================================================
Received Import Request.
  Time since last request: 23.331293 seconds.
  path: Assets/Prefabs/Weapons/Effects/Shot Red.prefab
  artifactKey: Guid(9a0c3383523899643a8d0661cfaca4e4) Importer(815301076,1909f56bfc062723c751e8b465ee728b)
Start importing Assets/Prefabs/Weapons/Effects/Shot Red.prefab using Guid(9a0c3383523899643a8d0661cfaca4e4) Importer(815301076,1909f56bfc062723c751e8b465ee728b)  -> (artifact id: 'f0fe5da57a0ea3e90bbca646c500f50c') in 0.009436 seconds 
========================================================================
Received Import Request.
  Time since last request: 11.790034 seconds.
  path: Assets/Prefabs/Weapons/Effects/Shot Silver.prefab
  artifactKey: Guid(1eb23069856e05c429673ad9f467eaf1) Importer(815301076,1909f56bfc062723c751e8b465ee728b)
Start importing Assets/Prefabs/Weapons/Effects/Shot Silver.prefab using Guid(1eb23069856e05c429673ad9f467eaf1) Importer(815301076,1909f56bfc062723c751e8b465ee728b)  -> (artifact id: '9d3413beec7ce4f64975152ab67f2ca8') in 0.006006 seconds 
========================================================================
Received Prepare
Registering precompiled user dll's ...
Registered in 0.002842 seconds.
Begin MonoManager ReloadAssembly
Native extension for WindowsStandalone target not found
Native extension for WebGL target not found
Refreshing native plugins compatible for Editor in 0.64 ms, found 2 plugins.
Preloading 0 native plugins for Editor in 0.00 ms.
Mono: successfully reloaded assembly
- Completed reload, in  1.269 seconds
Domain Reload Profiling:
	ReloadAssembly (1270ms)
		BeginReloadAssembly (123ms)
			ExecutionOrderSort (0ms)
			DisableScriptedObjects (6ms)
			BackupInstance (0ms)
			ReleaseScriptingObjects (0ms)
			CreateAndSetChildDomain (38ms)
		EndReloadAssembly (1080ms)
			LoadAssemblies (100ms)
			RebuildTransferFunctionScriptingTraits (0ms)
			SetupTypeCache (346ms)
			ReleaseScriptCaches (1ms)
			RebuildScriptCaches (68ms)
			SetupLoadedEditorAssemblies (429ms)
				LogAssemblyErrors (0ms)
				InitializePlatformSupportModulesInManaged (6ms)
				SetLoadedEditorAssemblies (1ms)
				RefreshPlugins (1ms)
				BeforeProcessingInitializeOnLoad (103ms)
				ProcessInitializeOnLoadAttributes (301ms)
				ProcessInitializeOnLoadMethodAttributes (11ms)
				AfterProcessingInitializeOnLoad (7ms)
				EditorAssembliesLoaded (0ms)
			ExecutionOrderSort2 (0ms)
			AwakeInstancesAfterBackupRestoration (13ms)
Platform modules already initialized, skipping
Refreshing native plugins compatible for Editor in 0.66 ms, found 2 plugins.
Preloading 0 native plugins for Editor in 0.00 ms.
Unloading 3218 Unused Serialized files (Serialized files now loaded: 0)
System memory in use before: 152.5 MB.
System memory in use after: 152.3 MB.

Unloading 24 unused Assets to reduce memory usage. Loaded Objects now: 3799.
Total: 3.903200 ms (FindLiveObjects: 0.280500 ms CreateObjectMapping: 0.097800 ms MarkObjects: 3.303500 ms  DeleteObjects: 0.220500 ms)

AssetImportParameters requested are different than current active one (requested -> active):
  custom:framework-win-MediaFoundation: 216162199b28c13a410421893ffa2e32 -> 
  custom:video-decoder-ogg-theora: a1e56fd34408186e4bbccfd4996cb3dc -> 
  custom:container-muxer-webm: aa71ff27fc2769a1b78a27578f13a17b -> 
  custom:container-demuxer-webm: 4f35f7cbe854078d1ac9338744f61a02 -> 
  custom:container-demuxer-ogg: 62fdf1f143b41e24485cea50d1cbac27 -> 
  custom:video-encoder-webm-vp8: eb34c28f22e8b96e1ab97ce403110664 -> 
  custom:video-decoder-webm-vp8: 9c59270c3fd7afecdb556c50c9e8de78 -> 
  custom:audio-decoder-ogg-vorbis: bf7c407c2cedff20999df2af8eb42d56 -> 
  custom:audio-encoder-webm-vorbis: bf7c407c2cedff20999df2af8eb42d56 -> 
========================================================================
Received Import Request.
  Time since last request: 175.449598 seconds.
  path: Assets/VolumetricLines/BuiltInRenderPipeline/ExampleScenes/ExampleMaterials/shot_mat 1.mat
  artifactKey: Guid(787a6f4f3bb88fb4db036e744ad607c8) Importer(815301076,1909f56bfc062723c751e8b465ee728b)
Start importing Assets/VolumetricLines/BuiltInRenderPipeline/ExampleScenes/ExampleMaterials/shot_mat 1.mat using Guid(787a6f4f3bb88fb4db036e744ad607c8) Importer(815301076,1909f56bfc062723c751e8b465ee728b)  -> (artifact id: 'a08176dfaeca2421013c0a18c39e9ae0') in 0.243867 seconds 
========================================================================
Received Import Request.
  Time since last request: 5.222236 seconds.
  path: Assets/VolumetricLines/BuiltInRenderPipeline/ExampleScenes/ExampleMaterials/blue.mat
  artifactKey: Guid(787a6f4f3bb88fb4db036e744ad607c8) Importer(815301076,1909f56bfc062723c751e8b465ee728b)
Start importing Assets/VolumetricLines/BuiltInRenderPipeline/ExampleScenes/ExampleMaterials/blue.mat using Guid(787a6f4f3bb88fb4db036e744ad607c8) Importer(815301076,1909f56bfc062723c751e8b465ee728b)  -> (artifact id: 'e334717047123d820fc2902162ef2193') in 0.011647 seconds 
========================================================================
Received Import Request.
  Time since last request: 1.199319 seconds.
  path: Assets/VolumetricLines/BuiltInRenderPipeline/ExampleScenes/ExampleMaterials/blue 1.mat
  artifactKey: Guid(ff2e3f9a6d53fb64ab040d31858c5561) Importer(815301076,1909f56bfc062723c751e8b465ee728b)
Start importing Assets/VolumetricLines/BuiltInRenderPipeline/ExampleScenes/ExampleMaterials/blue 1.mat using Guid(ff2e3f9a6d53fb64ab040d31858c5561) Importer(815301076,1909f56bfc062723c751e8b465ee728b)  -> (artifact id: 'bbf3b09997e4490b3a7ffd2f68455d36') in 0.011478 seconds 
========================================================================
Received Import Request.
  Time since last request: 5.293274 seconds.
  path: Assets/VolumetricLines/BuiltInRenderPipeline/ExampleScenes/ExampleMaterials/green.mat
  artifactKey: Guid(ff2e3f9a6d53fb64ab040d31858c5561) Importer(815301076,1909f56bfc062723c751e8b465ee728b)
Start importing Assets/VolumetricLines/BuiltInRenderPipeline/ExampleScenes/ExampleMaterials/green.mat using Guid(ff2e3f9a6d53fb64ab040d31858c5561) Importer(815301076,1909f56bfc062723c751e8b465ee728b)  -> (artifact id: 'd43e7b8244c09d5fe054561cc74ca499') in 0.012044 seconds 
========================================================================
Received Import Request.
  Time since last request: 1.175133 seconds.
  path: Assets/VolumetricLines/BuiltInRenderPipeline/ExampleScenes/ExampleMaterials/green 1.mat
  artifactKey: Guid(37f413a86ee632f4398fcb134c844853) Importer(815301076,1909f56bfc062723c751e8b465ee728b)
Start importing Assets/VolumetricLines/BuiltInRenderPipeline/ExampleScenes/ExampleMaterials/green 1.mat using Guid(37f413a86ee632f4398fcb134c844853) Importer(815301076,1909f56bfc062723c751e8b465ee728b)  -> (artifact id: '81b2784b210327d14724833de3b1756f') in 0.011740 seconds 
========================================================================
Received Import Request.
  Time since last request: 4.229068 seconds.
  path: Assets/VolumetricLines/BuiltInRenderPipeline/ExampleScenes/ExampleMaterials/silver.mat
  artifactKey: Guid(37f413a86ee632f4398fcb134c844853) Importer(815301076,1909f56bfc062723c751e8b465ee728b)
Start importing Assets/VolumetricLines/BuiltInRenderPipeline/ExampleScenes/ExampleMaterials/silver.mat using Guid(37f413a86ee632f4398fcb134c844853) Importer(815301076,1909f56bfc062723c751e8b465ee728b)  -> (artifact id: '4ba45ebfac9a8bb93d6f7dffb495751e') in 0.012114 seconds 
========================================================================
Received Import Request.
  Time since last request: 30.715223 seconds.
  path: Assets/VolumetricLines/BuiltInRenderPipeline/ExampleScenes/ExampleMaterials/blue.mat
  artifactKey: Guid(787a6f4f3bb88fb4db036e744ad607c8) Importer(815301076,1909f56bfc062723c751e8b465ee728b)
Start importing Assets/VolumetricLines/BuiltInRenderPipeline/ExampleScenes/ExampleMaterials/blue.mat using Guid(787a6f4f3bb88fb4db036e744ad607c8) Importer(815301076,1909f56bfc062723c751e8b465ee728b)  -> (artifact id: '63e7e7142dc3d7f7b2c305d5d4b10328') in 0.008358 seconds 
========================================================================
Received Import Request.
  Time since last request: 0.000186 seconds.
  path: Assets/VolumetricLines/BuiltInRenderPipeline/ExampleScenes/ExampleMaterials/green.mat
  artifactKey: Guid(ff2e3f9a6d53fb64ab040d31858c5561) Importer(815301076,1909f56bfc062723c751e8b465ee728b)
Start importing Assets/VolumetricLines/BuiltInRenderPipeline/ExampleScenes/ExampleMaterials/green.mat using Guid(ff2e3f9a6d53fb64ab040d31858c5561) Importer(815301076,1909f56bfc062723c751e8b465ee728b)  -> (artifact id: '96d1e08984febe810e4311bb316d3fc0') in 0.008998 seconds 
========================================================================
Received Import Request.
  Time since last request: 8.921184 seconds.
  path: Assets/VolumetricLines/BuiltInRenderPipeline/ExampleScenes/ExampleMaterials/silver.mat
  artifactKey: Guid(37f413a86ee632f4398fcb134c844853) Importer(815301076,1909f56bfc062723c751e8b465ee728b)
Start importing Assets/VolumetricLines/BuiltInRenderPipeline/ExampleScenes/ExampleMaterials/silver.mat using Guid(37f413a86ee632f4398fcb134c844853) Importer(815301076,1909f56bfc062723c751e8b465ee728b)  -> (artifact id: '4530e354107d3426d4479b762c33aae8') in 0.008343 seconds 
========================================================================
Received Import Request.
  Time since last request: 16.787198 seconds.
  path: Assets/Prefabs/Weapons/Effects/Shot Blue.prefab
  artifactKey: Guid(f76546772f65bb3469a32aca97760008) Importer(815301076,1909f56bfc062723c751e8b465ee728b)
Start importing Assets/Prefabs/Weapons/Effects/Shot Blue.prefab using Guid(f76546772f65bb3469a32aca97760008) Importer(815301076,1909f56bfc062723c751e8b465ee728b)  -> (artifact id: '0a2628dd0d988a51604212e0affa7f9f') in 0.015475 seconds 
========================================================================
Received Import Request.
  Time since last request: 1.109025 seconds.
  path: Assets/Prefabs/Weapons/Effects/Shot Blue.prefab
  artifactKey: Guid(f76546772f65bb3469a32aca97760008) Importer(815301076,1909f56bfc062723c751e8b465ee728b)
Start importing Assets/Prefabs/Weapons/Effects/Shot Blue.prefab using Guid(f76546772f65bb3469a32aca97760008) Importer(815301076,1909f56bfc062723c751e8b465ee728b)  -> (artifact id: '39b7772194af38304213ccb5333b9714') in 0.005738 seconds 
========================================================================
Received Import Request.
  Time since last request: 204.319126 seconds.
  path: Assets/Prefabs/Weapons/Effects/Shot Blue.prefab
  artifactKey: Guid(f76546772f65bb3469a32aca97760008) Importer(815301076,1909f56bfc062723c751e8b465ee728b)
Start importing Assets/Prefabs/Weapons/Effects/Shot Blue.prefab using Guid(f76546772f65bb3469a32aca97760008) Importer(815301076,1909f56bfc062723c751e8b465ee728b)  -> (artifact id: 'de2b7c059d7b6d30a40ab9516be2d254') in 0.011903 seconds 
========================================================================
Received Import Request.
  Time since last request: 26.315908 seconds.
  path: Assets/Prefabs/Weapons/Effects/Shot Green.prefab
  artifactKey: Guid(9fa644a3c2cc3554f9518332716fe99b) Importer(815301076,1909f56bfc062723c751e8b465ee728b)
Start importing Assets/Prefabs/Weapons/Effects/Shot Green.prefab using Guid(9fa644a3c2cc3554f9518332716fe99b) Importer(815301076,1909f56bfc062723c751e8b465ee728b)  -> (artifact id: '6025efe04ecf8b42cddfe6156ccdbad3') in 0.009543 seconds 
========================================================================
Received Prepare
Registering precompiled user dll's ...
Registered in 0.002768 seconds.
Begin MonoManager ReloadAssembly
Native extension for WindowsStandalone target not found
Native extension for WebGL target not found
Refreshing native plugins compatible for Editor in 0.71 ms, found 2 plugins.
Preloading 0 native plugins for Editor in 0.00 ms.
Mono: successfully reloaded assembly
- Completed reload, in  1.411 seconds
Domain Reload Profiling:
	ReloadAssembly (1411ms)
		BeginReloadAssembly (148ms)
			ExecutionOrderSort (0ms)
			DisableScriptedObjects (8ms)
			BackupInstance (0ms)
			ReleaseScriptingObjects (0ms)
			CreateAndSetChildDomain (42ms)
		EndReloadAssembly (1194ms)
			LoadAssemblies (103ms)
			RebuildTransferFunctionScriptingTraits (0ms)
			SetupTypeCache (359ms)
			ReleaseScriptCaches (1ms)
			RebuildScriptCaches (67ms)
			SetupLoadedEditorAssemblies (492ms)
				LogAssemblyErrors (0ms)
				InitializePlatformSupportModulesInManaged (7ms)
				SetLoadedEditorAssemblies (1ms)
				RefreshPlugins (1ms)
				BeforeProcessingInitializeOnLoad (106ms)
				ProcessInitializeOnLoadAttributes (352ms)
				ProcessInitializeOnLoadMethodAttributes (13ms)
				AfterProcessingInitializeOnLoad (11ms)
				EditorAssembliesLoaded (1ms)
			ExecutionOrderSort2 (0ms)
			AwakeInstancesAfterBackupRestoration (23ms)
Platform modules already initialized, skipping
Refreshing native plugins compatible for Editor in 0.66 ms, found 2 plugins.
Preloading 0 native plugins for Editor in 0.00 ms.
Unloading 3218 Unused Serialized files (Serialized files now loaded: 0)
System memory in use before: 157.9 MB.
System memory in use after: 157.8 MB.

Unloading 25 unused Assets to reduce memory usage. Loaded Objects now: 3880.
Total: 3.987800 ms (FindLiveObjects: 0.293500 ms CreateObjectMapping: 0.097800 ms MarkObjects: 3.370100 ms  DeleteObjects: 0.225500 ms)

AssetImportParameters requested are different than current active one (requested -> active):
  custom:framework-win-MediaFoundation: 216162199b28c13a410421893ffa2e32 -> 
  custom:video-decoder-ogg-theora: a1e56fd34408186e4bbccfd4996cb3dc -> 
  custom:container-muxer-webm: aa71ff27fc2769a1b78a27578f13a17b -> 
  custom:container-demuxer-webm: 4f35f7cbe854078d1ac9338744f61a02 -> 
  custom:container-demuxer-ogg: 62fdf1f143b41e24485cea50d1cbac27 -> 
  custom:video-encoder-webm-vp8: eb34c28f22e8b96e1ab97ce403110664 -> 
  custom:video-decoder-webm-vp8: 9c59270c3fd7afecdb556c50c9e8de78 -> 
  custom:audio-decoder-ogg-vorbis: bf7c407c2cedff20999df2af8eb42d56 -> 
  custom:audio-encoder-webm-vorbis: bf7c407c2cedff20999df2af8eb42d56 -> 
AssetImportWorkerClient::OnTransportError - code=2 error=End of file
